<?xml version="1.0" encoding="UTF-8"?>
<coverage generated="1747628645884" clover="3.2.0">
  <project timestamp="1747628645884" name="All files">
    <metrics statements="310" coveredstatements="298" conditionals="277" coveredconditionals="248" methods="26" coveredmethods="25" elements="613" coveredelements="571" complexity="0" loc="310" ncloc="310" packages="3" files="4" classes="4"/>
    <package name="src">
      <metrics statements="23" coveredstatements="21" conditionals="11" coveredconditionals="9" methods="9" coveredmethods="8"/>
      <file name="index.js" path="/Users/ericberg/work/ChordproJSParser/src/index.js">
        <metrics statements="23" coveredstatements="21" conditionals="11" coveredconditionals="9" methods="9" coveredmethods="8"/>
        <line num="16" count="29" type="stmt"/>
        <line num="27" count="29" type="cond" truecount="2" falsecount="0"/>
        <line num="28" count="14" type="stmt"/>
        <line num="38" count="12" type="stmt"/>
        <line num="48" count="0" type="stmt"/>
        <line num="49" count="0" type="stmt"/>
        <line num="58" count="4" type="stmt"/>
        <line num="59" count="4" type="stmt"/>
        <line num="68" count="1" type="stmt"/>
        <line num="69" count="1" type="stmt"/>
        <line num="79" count="3" type="cond" truecount="2" falsecount="0"/>
        <line num="89" count="16" type="stmt"/>
        <line num="90" count="16" type="cond" truecount="2" falsecount="0"/>
        <line num="91" count="1" type="stmt"/>
        <line num="93" count="15" type="stmt"/>
        <line num="94" count="15" type="stmt"/>
        <line num="99" count="2" type="stmt"/>
        <line num="106" count="2" type="stmt"/>
        <line num="107" count="16" type="stmt"/>
        <line num="116" count="29" type="stmt"/>
        <line num="124" count="2" type="cond" truecount="1" falsecount="1"/>
        <line num="125" count="2" type="stmt"/>
        <line num="126" count="2" type="stmt"/>
      </file>
    </package>
    <package name="src.core">
      <metrics statements="261" coveredstatements="251" conditionals="250" coveredconditionals="227" methods="11" coveredmethods="11"/>
      <file name="parser.js" path="/Users/ericberg/work/ChordproJSParser/src/core/parser.js">
        <metrics statements="161" coveredstatements="153" conditionals="166" coveredconditionals="149" methods="2" coveredmethods="2"/>
        <line num="12" count="110" type="stmt"/>
        <line num="13" count="110" type="stmt"/>
        <line num="22" count="110" type="stmt"/>
        <line num="27" count="110" type="stmt"/>
        <line num="29" count="110" type="stmt"/>
        <line num="31" count="182" type="cond" truecount="2" falsecount="0"/>
        <line num="32" count="118" type="stmt"/>
        <line num="33" count="118" type="stmt"/>
        <line num="34" count="118" type="cond" truecount="2" falsecount="0"/>
        <line num="37" count="118" type="stmt"/>
        <line num="38" count="118" type="cond" truecount="4" falsecount="0"/>
        <line num="40" count="4" type="stmt"/>
        <line num="42" count="4" type="stmt"/>
        <line num="43" count="7" type="stmt"/>
        <line num="48" count="118" type="stmt"/>
        <line num="50" count="118" type="stmt"/>
        <line num="51" count="118" type="cond" truecount="1" falsecount="1"/>
        <line num="52" count="0" type="stmt"/>
        <line num="53" count="0" type="stmt"/>
        <line num="54" count="0" type="stmt"/>
        <line num="59" count="118" type="cond" truecount="101" falsecount="5"/>
        <line num="63" count="9" type="stmt"/>
        <line num="64" count="9" type="stmt"/>
        <line num="66" count="0" type="stmt"/>
        <line num="67" count="0" type="stmt"/>
        <line num="70" count="2" type="stmt"/>
        <line num="71" count="2" type="stmt"/>
        <line num="73" count="4" type="stmt"/>
        <line num="74" count="4" type="stmt"/>
        <line num="76" count="1" type="stmt"/>
        <line num="77" count="1" type="stmt"/>
        <line num="79" count="1" type="stmt"/>
        <line num="80" count="1" type="stmt"/>
        <line num="82" count="1" type="stmt"/>
        <line num="83" count="1" type="stmt"/>
        <line num="85" count="1" type="stmt"/>
        <line num="86" count="1" type="stmt"/>
        <line num="88" count="1" type="stmt"/>
        <line num="89" count="1" type="stmt"/>
        <line num="91" count="3" type="stmt"/>
        <line num="92" count="3" type="stmt"/>
        <line num="94" count="1" type="stmt"/>
        <line num="95" count="1" type="stmt"/>
        <line num="97" count="1" type="stmt"/>
        <line num="98" count="1" type="stmt"/>
        <line num="100" count="1" type="stmt"/>
        <line num="101" count="1" type="stmt"/>
        <line num="103" count="1" type="stmt"/>
        <line num="104" count="1" type="stmt"/>
        <line num="107" count="1" type="cond" truecount="1" falsecount="1"/>
        <line num="108" count="1" type="stmt"/>
        <line num="109" count="2" type="stmt"/>
        <line num="112" count="1" type="stmt"/>
        <line num="117" count="4" type="stmt"/>
        <line num="122" count="4" type="stmt"/>
        <line num="125" count="2" type="stmt"/>
        <line num="130" count="2" type="stmt"/>
        <line num="133" count="2" type="stmt"/>
        <line num="138" count="2" type="stmt"/>
        <line num="140" count="2" type="stmt"/>
        <line num="144" count="2" type="stmt"/>
        <line num="146" count="3" type="stmt"/>
        <line num="151" count="3" type="stmt"/>
        <line num="156" count="6" type="stmt"/>
        <line num="161" count="6" type="stmt"/>
        <line num="162" count="6" type="stmt"/>
        <line num="165" count="6" type="stmt"/>
        <line num="169" count="6" type="stmt"/>
        <line num="170" count="6" type="stmt"/>
        <line num="173" count="1" type="stmt"/>
        <line num="177" count="1" type="stmt"/>
        <line num="180" count="3" type="stmt"/>
        <line num="185" count="3" type="stmt"/>
        <line num="186" count="3" type="stmt"/>
        <line num="189" count="3" type="stmt"/>
        <line num="193" count="3" type="stmt"/>
        <line num="194" count="3" type="stmt"/>
        <line num="197" count="3" type="stmt"/>
        <line num="202" count="3" type="stmt"/>
        <line num="203" count="3" type="stmt"/>
        <line num="206" count="3" type="stmt"/>
        <line num="210" count="3" type="stmt"/>
        <line num="211" count="3" type="stmt"/>
        <line num="214" count="4" type="stmt"/>
        <line num="219" count="4" type="stmt"/>
        <line num="220" count="4" type="stmt"/>
        <line num="223" count="4" type="stmt"/>
        <line num="227" count="4" type="stmt"/>
        <line num="228" count="4" type="stmt"/>
        <line num="231" count="4" type="stmt"/>
        <line num="236" count="4" type="stmt"/>
        <line num="237" count="4" type="stmt"/>
        <line num="240" count="4" type="stmt"/>
        <line num="244" count="4" type="stmt"/>
        <line num="245" count="4" type="stmt"/>
        <line num="252" count="2" type="stmt"/>
        <line num="258" count="2" type="stmt"/>
        <line num="259" count="2" type="stmt"/>
        <line num="264" count="2" type="cond" truecount="1" falsecount="1"/>
        <line num="265" count="2" type="stmt"/>
        <line num="267" count="2" type="stmt"/>
        <line num="271" count="2" type="stmt"/>
        <line num="272" count="2" type="stmt"/>
        <line num="276" count="1" type="stmt"/>
        <line num="277" count="1" type="cond" truecount="1" falsecount="1"/>
        <line num="278" count="1" type="stmt"/>
        <line num="279" count="1" type="stmt"/>
        <line num="280" count="1" type="cond" truecount="1" falsecount="1"/>
        <line num="281" count="1" type="stmt"/>
        <line num="283" count="1" type="stmt"/>
        <line num="285" count="1" type="stmt"/>
        <line num="288" count="1" type="stmt"/>
        <line num="292" count="1" type="stmt"/>
        <line num="296" count="3" type="cond" truecount="1" falsecount="1"/>
        <line num="297" count="3" type="stmt"/>
        <line num="332" count="11" type="stmt"/>
        <line num="333" count="11" type="stmt"/>
        <line num="334" count="11" type="cond" truecount="1" falsecount="1"/>
        <line num="335" count="11" type="stmt"/>
        <line num="337" count="11" type="cond" truecount="1" falsecount="1"/>
        <line num="338" count="11" type="stmt"/>
        <line num="340" count="11" type="stmt"/>
        <line num="341" count="11" type="stmt"/>
        <line num="348" count="0" type="stmt"/>
        <line num="351" count="3" type="stmt"/>
        <line num="354" count="3" type="stmt"/>
        <line num="357" count="2" type="stmt"/>
        <line num="360" count="2" type="stmt"/>
        <line num="363" count="2" type="stmt"/>
        <line num="366" count="2" type="stmt"/>
        <line num="368" count="1" type="stmt"/>
        <line num="369" count="1" type="stmt"/>
        <line num="371" count="1" type="stmt"/>
        <line num="373" count="1" type="stmt"/>
        <line num="376" count="3" type="cond" truecount="1" falsecount="1"/>
        <line num="377" count="3" type="stmt"/>
        <line num="380" count="0" type="stmt"/>
        <line num="381" count="0" type="stmt"/>
        <line num="383" count="1" type="cond" truecount="1" falsecount="1"/>
        <line num="384" count="1" type="stmt"/>
        <line num="387" count="1" type="cond" truecount="1" falsecount="1"/>
        <line num="388" count="1" type="stmt"/>
        <line num="393" count="2" type="cond" truecount="2" falsecount="0"/>
        <line num="394" count="1" type="stmt"/>
        <line num="397" count="1" type="stmt"/>
        <line num="403" count="64" type="cond" truecount="4" falsecount="0"/>
        <line num="404" count="15" type="stmt"/>
        <line num="405" count="15" type="stmt"/>
        <line num="408" count="15" type="stmt"/>
        <line num="409" count="15" type="stmt"/>
        <line num="411" count="15" type="stmt"/>
        <line num="413" count="15" type="stmt"/>
        <line num="414" count="33" type="stmt"/>
        <line num="415" count="33" type="stmt"/>
        <line num="416" count="33" type="stmt"/>
        <line num="417" count="33" type="stmt"/>
        <line num="420" count="15" type="stmt"/>
        <line num="428" count="49" type="cond" truecount="2" falsecount="0"/>
        <line num="429" count="2" type="stmt"/>
        <line num="435" count="47" type="stmt"/>
        <line num="442" count="110" type="stmt"/>
      </file>
      <file name="renderer.js" path="/Users/ericberg/work/ChordproJSParser/src/core/renderer.js">
        <metrics statements="100" coveredstatements="98" conditionals="84" coveredconditionals="78" methods="9" coveredmethods="9"/>
        <line num="11" count="1" type="cond" truecount="1" falsecount="1"/>
        <line num="12" count="0" type="stmt"/>
        <line num="15" count="1" type="cond" truecount="1" falsecount="1"/>
        <line num="16" count="0" type="stmt"/>
        <line num="19" count="1" type="stmt"/>
        <line num="20" count="1" type="stmt"/>
        <line num="30" count="38" type="stmt"/>
        <line num="37" count="38" type="stmt"/>
        <line num="38" count="38" type="stmt"/>
        <line num="41" count="38" type="cond" truecount="4" falsecount="0"/>
        <line num="42" count="4" type="stmt"/>
        <line num="45" count="38" type="cond" truecount="4" falsecount="0"/>
        <line num="46" count="1" type="stmt"/>
        <line num="49" count="38" type="cond" truecount="2" falsecount="0"/>
        <line num="50" count="1" type="stmt"/>
        <line num="53" count="38" type="cond" truecount="2" falsecount="0"/>
        <line num="54" count="1" type="stmt"/>
        <line num="58" count="38" type="cond" truecount="2" falsecount="0"/>
        <line num="63" count="2" type="stmt"/>
        <line num="64" count="2" type="cond" truecount="1" falsecount="1"/>
        <line num="65" count="2" type="stmt"/>
        <line num="66" count="2" type="stmt"/>
        <line num="67" count="2" type="cond" truecount="3" falsecount="1"/>
        <line num="68" count="2" type="stmt"/>
        <line num="69" count="4" type="stmt"/>
        <line num="78" count="38" type="stmt"/>
        <line num="80" count="58" type="cond" truecount="10" falsecount="0"/>
        <line num="82" count="2" type="stmt"/>
        <line num="83" count="2" type="cond" truecount="2" falsecount="0"/>
        <line num="84" count="1" type="stmt"/>
        <line num="88" count="2" type="stmt"/>
        <line num="90" count="2" type="stmt"/>
        <line num="91" count="2" type="cond" truecount="2" falsecount="0"/>
        <line num="92" count="1" type="stmt"/>
        <line num="96" count="2" type="stmt"/>
        <line num="98" count="2" type="stmt"/>
        <line num="99" count="2" type="cond" truecount="2" falsecount="0"/>
        <line num="100" count="1" type="stmt"/>
        <line num="104" count="2" type="stmt"/>
        <line num="106" count="2" type="stmt"/>
        <line num="107" count="2" type="cond" truecount="2" falsecount="0"/>
        <line num="108" count="1" type="stmt"/>
        <line num="112" count="2" type="stmt"/>
        <line num="117" count="2" type="stmt"/>
        <line num="120" count="2" type="cond" truecount="1" falsecount="1"/>
        <line num="121" count="2" type="stmt"/>
        <line num="125" count="2" type="stmt"/>
        <line num="128" count="48" type="stmt"/>
        <line num="129" count="48" type="cond" truecount="2" falsecount="0"/>
        <line num="130" count="1" type="stmt"/>
        <line num="134" count="48" type="stmt"/>
        <line num="137" count="58" type="stmt"/>
        <line num="138" count="36" type="cond" truecount="11" falsecount="0"/>
        <line num="140" count="4" type="cond" truecount="2" falsecount="0"/>
        <line num="141" count="3" type="cond" truecount="2" falsecount="0"/>
        <line num="142" count="1" type="stmt"/>
        <line num="145" count="2" type="cond" truecount="2" falsecount="0"/>
        <line num="146" count="1" type="stmt"/>
        <line num="150" count="1" type="stmt"/>
        <line num="153" count="4" type="stmt"/>
        <line num="156" count="1" type="stmt"/>
        <line num="157" count="1" type="stmt"/>
        <line num="160" count="1" type="stmt"/>
        <line num="165" count="1" type="stmt"/>
        <line num="168" count="7" type="cond" truecount="2" falsecount="0"/>
        <line num="170" count="5" type="stmt"/>
        <line num="172" count="5" type="stmt"/>
        <line num="173" count="5" type="stmt"/>
        <line num="174" count="5" type="stmt"/>
        <line num="178" count="5" type="cond" truecount="2" falsecount="0"/>
        <line num="182" count="4" type="stmt"/>
        <line num="185" count="1" type="stmt"/>
        <line num="186" count="1" type="stmt"/>
        <line num="187" count="4" type="stmt"/>
        <line num="188" count="4" type="stmt"/>
        <line num="189" count="4" type="stmt"/>
        <line num="193" count="5" type="stmt"/>
        <line num="194" count="5" type="stmt"/>
        <line num="196" count="2" type="stmt"/>
        <line num="200" count="7" type="stmt"/>
        <line num="203" count="16" type="stmt"/>
        <line num="204" count="16" type="stmt"/>
        <line num="207" count="1" type="stmt"/>
        <line num="210" count="1" type="stmt"/>
        <line num="213" count="2" type="cond" truecount="2" falsecount="0"/>
        <line num="218" count="1" type="stmt"/>
        <line num="225" count="1" type="stmt"/>
        <line num="229" count="2" type="stmt"/>
        <line num="232" count="1" type="stmt"/>
        <line num="233" count="1" type="stmt"/>
        <line num="236" count="1" type="stmt"/>
        <line num="237" count="1" type="stmt"/>
        <line num="240" count="1" type="stmt"/>
        <line num="241" count="1" type="stmt"/>
        <line num="244" count="1" type="stmt"/>
        <line num="245" count="1" type="stmt"/>
        <line num="249" count="58" type="stmt"/>
        <line num="252" count="38" type="stmt"/>
        <line num="261" count="52" type="stmt"/>
        <line num="268" count="52" type="stmt"/>
      </file>
    </package>
    <package name="src.plugins">
      <metrics statements="26" coveredstatements="26" conditionals="16" coveredconditionals="12" methods="6" coveredmethods="6"/>
      <file name="transpose.js" path="/Users/ericberg/work/ChordproJSParser/src/plugins/transpose.js">
        <metrics statements="26" coveredstatements="26" conditionals="16" coveredconditionals="12" methods="6" coveredmethods="6"/>
        <line num="6" count="1" type="stmt"/>
        <line num="12" count="14" type="stmt"/>
        <line num="28" count="14" type="stmt"/>
        <line num="30" count="17" type="stmt"/>
        <line num="38" count="17" type="stmt"/>
        <line num="39" count="17" type="stmt"/>
        <line num="41" count="17" type="cond" truecount="2" falsecount="0"/>
        <line num="43" count="15" type="stmt"/>
        <line num="44" count="15" type="stmt"/>
        <line num="46" count="15" type="cond" truecount="1" falsecount="1"/>
        <line num="49" count="15" type="stmt"/>
        <line num="50" count="15" type="stmt"/>
        <line num="54" count="14" type="stmt"/>
        <line num="57" count="14" type="stmt"/>
        <line num="60" count="14" type="stmt"/>
        <line num="61" count="14" type="cond" truecount="1" falsecount="0"/>
        <line num="62" count="6" type="stmt"/>
        <line num="66" count="6" type="cond" truecount="2" falsecount="0"/>
        <line num="67" count="3" type="stmt"/>
        <line num="68" count="3" type="stmt"/>
        <line num="69" count="3" type="cond" truecount="3" falsecount="1"/>
        <line num="70" count="3" type="stmt"/>
        <line num="71" count="6" type="stmt"/>
        <line num="78" count="6" type="stmt"/>
        <line num="84" count="1" type="cond" truecount="3" falsecount="1"/>
        <line num="85" count="1" type="stmt"/>
      </file>
    </package>
  </project>
</coverage>
