TN:
SF:src/index.js
FN:15,(anonymous_0)
FN:37,(anonymous_1)
FN:47,(anonymous_2)
FN:57,(anonymous_3)
FN:67,(anonymous_4)
FN:77,(anonymous_5)
FN:88,(anonymous_6)
FN:106,(anonymous_7)
FN:115,createChordproJS
FNF:9
FNH:8
FNDA:29,(anonymous_0)
FNDA:12,(anonymous_1)
FNDA:0,(anonymous_2)
FNDA:4,(anonymous_3)
FNDA:1,(anonymous_4)
FNDA:3,(anonymous_5)
FNDA:16,(anonymous_6)
FNDA:16,(anonymous_7)
FNDA:29,createChordproJS
DA:16,29
DA:27,29
DA:28,14
DA:38,12
DA:48,0
DA:49,0
DA:58,4
DA:59,4
DA:68,1
DA:69,1
DA:79,3
DA:89,16
DA:90,16
DA:91,1
DA:93,15
DA:94,15
DA:99,2
DA:106,2
DA:107,16
DA:116,29
DA:124,2
DA:125,2
DA:126,2
LF:23
LH:21
BRDA:15,0,0,0
BRDA:27,1,0,14
BRDA:27,1,1,15
BRDA:79,2,0,3
BRDA:79,2,1,2
BRDA:88,3,0,15
BRDA:90,4,0,1
BRDA:90,4,1,15
BRDA:115,5,0,28
BRDA:124,6,0,2
BRDA:124,6,1,0
BRF:11
BRH:9
end_of_record
TN:
SF:src/core/parser.js
FN:8,parseChordPro
FN:29,(anonymous_1)
FNF:2
FNH:2
FNDA:110,parseChordPro
FNDA:182,(anonymous_1)
DA:12,110
DA:13,110
DA:22,110
DA:27,110
DA:29,110
DA:31,182
DA:32,118
DA:33,118
DA:34,118
DA:37,118
DA:38,118
DA:40,4
DA:42,4
DA:43,7
DA:48,118
DA:50,118
DA:51,118
DA:52,0
DA:53,0
DA:54,0
DA:59,118
DA:63,9
DA:64,9
DA:66,0
DA:67,0
DA:70,2
DA:71,2
DA:73,4
DA:74,4
DA:76,1
DA:77,1
DA:79,1
DA:80,1
DA:82,1
DA:83,1
DA:85,1
DA:86,1
DA:88,1
DA:89,1
DA:91,3
DA:92,3
DA:94,1
DA:95,1
DA:97,1
DA:98,1
DA:100,1
DA:101,1
DA:103,1
DA:104,1
DA:107,1
DA:108,1
DA:109,2
DA:112,1
DA:117,4
DA:122,4
DA:125,2
DA:130,2
DA:133,2
DA:138,2
DA:140,2
DA:144,2
DA:146,3
DA:151,3
DA:156,6
DA:161,6
DA:162,6
DA:165,6
DA:169,6
DA:170,6
DA:173,1
DA:177,1
DA:180,3
DA:185,3
DA:186,3
DA:189,3
DA:193,3
DA:194,3
DA:197,3
DA:202,3
DA:203,3
DA:206,3
DA:210,3
DA:211,3
DA:214,4
DA:219,4
DA:220,4
DA:223,4
DA:227,4
DA:228,4
DA:231,4
DA:236,4
DA:237,4
DA:240,4
DA:244,4
DA:245,4
DA:252,2
DA:258,2
DA:259,2
DA:264,2
DA:265,2
DA:267,2
DA:271,2
DA:272,2
DA:276,1
DA:277,1
DA:278,1
DA:279,1
DA:280,1
DA:281,1
DA:283,1
DA:285,1
DA:288,1
DA:292,1
DA:296,3
DA:297,3
DA:332,11
DA:333,11
DA:334,11
DA:335,11
DA:337,11
DA:338,11
DA:340,11
DA:341,11
DA:348,0
DA:351,3
DA:354,3
DA:357,2
DA:360,2
DA:363,2
DA:366,2
DA:368,1
DA:369,1
DA:371,1
DA:373,1
DA:376,3
DA:377,3
DA:380,0
DA:381,0
DA:383,1
DA:384,1
DA:387,1
DA:388,1
DA:393,2
DA:394,1
DA:397,1
DA:403,64
DA:404,15
DA:405,15
DA:408,15
DA:409,15
DA:411,15
DA:413,15
DA:414,33
DA:415,33
DA:416,33
DA:417,33
DA:420,15
DA:428,49
DA:429,2
DA:435,47
DA:442,110
LF:161
LH:153
BRDA:10,0,0,98
BRDA:31,1,0,118
BRDA:31,1,1,64
BRDA:34,2,0,74
BRDA:34,2,1,44
BRDA:38,3,0,4
BRDA:38,3,1,114
BRDA:38,4,0,118
BRDA:38,4,1,74
BRDA:51,5,0,0
BRDA:51,5,1,118
BRDA:59,6,0,8
BRDA:59,6,1,9
BRDA:59,6,2,0
BRDA:59,6,3,2
BRDA:59,6,4,2
BRDA:59,6,5,4
BRDA:59,6,6,1
BRDA:59,6,7,1
BRDA:59,6,8,1
BRDA:59,6,9,1
BRDA:59,6,10,1
BRDA:59,6,11,3
BRDA:59,6,12,1
BRDA:59,6,13,1
BRDA:59,6,14,1
BRDA:59,6,15,1
BRDA:59,6,16,1
BRDA:59,6,17,3
BRDA:59,6,18,4
BRDA:59,6,19,2
BRDA:59,6,20,2
BRDA:59,6,21,2
BRDA:59,6,22,2
BRDA:59,6,23,2
BRDA:59,6,24,3
BRDA:59,6,25,5
BRDA:59,6,26,6
BRDA:59,6,27,5
BRDA:59,6,28,6
BRDA:59,6,29,1
BRDA:59,6,30,3
BRDA:59,6,31,3
BRDA:59,6,32,3
BRDA:59,6,33,3
BRDA:59,6,34,3
BRDA:59,6,35,3
BRDA:59,6,36,3
BRDA:59,6,37,3
BRDA:59,6,38,3
BRDA:59,6,39,4
BRDA:59,6,40,3
BRDA:59,6,41,4
BRDA:59,6,42,3
BRDA:59,6,43,4
BRDA:59,6,44,3
BRDA:59,6,45,4
BRDA:59,6,46,1
BRDA:59,6,47,1
BRDA:59,6,48,1
BRDA:59,6,49,2
BRDA:59,6,50,1
BRDA:59,6,51,1
BRDA:59,6,52,1
BRDA:59,6,53,2
BRDA:59,6,54,1
BRDA:59,6,55,1
BRDA:59,6,56,3
BRDA:59,6,57,1
BRDA:59,6,58,2
BRDA:59,6,59,3
BRDA:59,6,60,3
BRDA:59,6,61,4
BRDA:59,6,62,4
BRDA:59,6,63,4
BRDA:59,6,64,4
BRDA:59,6,65,4
BRDA:59,6,66,4
BRDA:59,6,67,4
BRDA:59,6,68,4
BRDA:59,6,69,4
BRDA:59,6,70,4
BRDA:59,6,71,4
BRDA:59,6,72,4
BRDA:59,6,73,4
BRDA:59,6,74,4
BRDA:59,6,75,4
BRDA:59,6,76,4
BRDA:59,6,77,4
BRDA:59,6,78,4
BRDA:59,6,79,4
BRDA:59,6,80,5
BRDA:59,6,81,6
BRDA:59,6,82,7
BRDA:59,6,83,7
BRDA:59,6,84,8
BRDA:59,6,85,9
BRDA:59,6,86,10
BRDA:59,6,87,11
BRDA:59,6,88,0
BRDA:59,6,89,0
BRDA:59,6,90,2
BRDA:59,6,91,3
BRDA:59,6,92,2
BRDA:59,6,93,2
BRDA:59,6,94,2
BRDA:59,6,95,2
BRDA:59,6,96,1
BRDA:59,6,97,1
BRDA:59,6,98,3
BRDA:59,6,99,3
BRDA:59,6,100,0
BRDA:59,6,101,0
BRDA:59,6,102,1
BRDA:59,6,103,1
BRDA:59,6,104,1
BRDA:59,6,105,2
BRDA:107,7,0,1
BRDA:107,7,1,0
BRDA:148,8,0,3
BRDA:148,8,1,1
BRDA:149,9,0,3
BRDA:149,9,1,1
BRDA:159,10,0,6
BRDA:159,10,1,5
BRDA:159,10,2,3
BRDA:183,11,0,3
BRDA:183,11,1,3
BRDA:183,11,2,2
BRDA:200,12,0,3
BRDA:200,12,1,3
BRDA:200,12,2,2
BRDA:217,13,0,4
BRDA:217,13,1,4
BRDA:217,13,2,3
BRDA:234,14,0,4
BRDA:234,14,1,4
BRDA:234,14,2,3
BRDA:264,15,0,2
BRDA:264,15,1,0
BRDA:277,16,0,1
BRDA:277,16,1,0
BRDA:280,17,0,1
BRDA:280,17,1,0
BRDA:296,18,0,3
BRDA:296,18,1,0
BRDA:334,19,0,11
BRDA:334,19,1,0
BRDA:337,20,0,11
BRDA:337,20,1,0
BRDA:372,21,0,1
BRDA:372,21,1,0
BRDA:376,22,0,3
BRDA:376,22,1,0
BRDA:383,23,0,1
BRDA:383,23,1,0
BRDA:387,24,0,1
BRDA:387,24,1,0
BRDA:393,25,0,1
BRDA:393,25,1,1
BRDA:403,26,0,15
BRDA:403,26,1,49
BRDA:403,27,0,64
BRDA:403,27,1,15
BRDA:428,28,0,2
BRDA:428,28,1,47
BRF:166
BRH:149
end_of_record
TN:
SF:src/core/renderer.js
FN:10,renderToElement
FN:29,renderToHTML
FN:65,(anonymous_2)
FN:66,(anonymous_3)
FN:68,(anonymous_4)
FN:78,(anonymous_5)
FN:137,(anonymous_6)
FN:260,escapeHtml
FN:268,(anonymous_8)
FNF:9
FNH:9
FNDA:1,renderToElement
FNDA:38,renderToHTML
FNDA:2,(anonymous_2)
FNDA:2,(anonymous_3)
FNDA:4,(anonymous_4)
FNDA:58,(anonymous_5)
FNDA:36,(anonymous_6)
FNDA:52,escapeHtml
FNDA:6,(anonymous_8)
DA:11,1
DA:12,0
DA:15,1
DA:16,0
DA:19,1
DA:20,1
DA:30,38
DA:37,38
DA:38,38
DA:41,38
DA:42,4
DA:45,38
DA:46,1
DA:49,38
DA:50,1
DA:53,38
DA:54,1
DA:58,38
DA:63,2
DA:64,2
DA:65,2
DA:66,2
DA:67,2
DA:68,2
DA:69,4
DA:78,38
DA:80,58
DA:82,2
DA:83,2
DA:84,1
DA:88,2
DA:90,2
DA:91,2
DA:92,1
DA:96,2
DA:98,2
DA:99,2
DA:100,1
DA:104,2
DA:106,2
DA:107,2
DA:108,1
DA:112,2
DA:117,2
DA:120,2
DA:121,2
DA:125,2
DA:128,48
DA:129,48
DA:130,1
DA:134,48
DA:137,58
DA:138,36
DA:140,4
DA:141,3
DA:142,1
DA:145,2
DA:146,1
DA:150,1
DA:153,4
DA:156,1
DA:157,1
DA:160,1
DA:165,1
DA:168,7
DA:170,5
DA:172,5
DA:173,5
DA:174,5
DA:178,5
DA:182,4
DA:185,1
DA:186,1
DA:187,4
DA:188,4
DA:189,4
DA:193,5
DA:194,5
DA:196,2
DA:200,7
DA:203,16
DA:204,16
DA:207,1
DA:210,1
DA:213,2
DA:218,1
DA:225,1
DA:229,2
DA:232,1
DA:233,1
DA:236,1
DA:237,1
DA:240,1
DA:241,1
DA:244,1
DA:245,1
DA:249,58
DA:252,38
DA:261,52
DA:268,52
LF:100
LH:98
BRDA:10,0,0,1
BRDA:11,1,0,0
BRDA:11,1,1,1
BRDA:15,2,0,0
BRDA:15,2,1,1
BRDA:29,3,0,29
BRDA:41,4,0,4
BRDA:41,4,1,34
BRDA:41,5,0,38
BRDA:41,5,1,37
BRDA:45,6,0,1
BRDA:45,6,1,37
BRDA:45,7,0,38
BRDA:45,7,1,38
BRDA:49,8,0,1
BRDA:49,8,1,37
BRDA:53,9,0,1
BRDA:53,9,1,37
BRDA:58,10,0,2
BRDA:58,10,1,36
BRDA:59,11,0,38
BRDA:59,11,1,34
BRDA:59,11,2,2
BRDA:64,12,0,2
BRDA:64,12,1,0
BRDA:67,13,0,2
BRDA:67,13,1,0
BRDA:67,14,0,2
BRDA:67,14,1,2
BRDA:80,15,0,2
BRDA:80,15,1,2
BRDA:80,15,2,2
BRDA:80,15,3,2
BRDA:80,15,4,1
BRDA:80,15,5,1
BRDA:80,15,6,1
BRDA:80,15,7,2
BRDA:80,15,8,48
BRDA:80,15,9,48
BRDA:83,16,0,1
BRDA:83,16,1,1
BRDA:91,17,0,1
BRDA:91,17,1,1
BRDA:99,18,0,1
BRDA:99,18,1,1
BRDA:107,19,0,1
BRDA:107,19,1,1
BRDA:120,20,0,2
BRDA:120,20,1,0
BRDA:129,21,0,1
BRDA:129,21,1,47
BRDA:138,22,0,4
BRDA:138,22,1,1
BRDA:138,22,2,1
BRDA:138,22,3,7
BRDA:138,22,4,16
BRDA:138,22,5,1
BRDA:138,22,6,2
BRDA:138,22,7,1
BRDA:138,22,8,1
BRDA:138,22,9,1
BRDA:138,22,10,1
BRDA:140,23,0,3
BRDA:140,23,1,1
BRDA:141,24,0,1
BRDA:141,24,1,2
BRDA:145,25,0,1
BRDA:145,25,1,1
BRDA:168,26,0,5
BRDA:168,26,1,2
BRDA:178,27,0,4
BRDA:178,27,1,1
BRDA:179,28,0,5
BRDA:179,28,1,4
BRDA:179,28,2,2
BRDA:179,28,3,3
BRDA:179,28,4,2
BRDA:208,29,0,1
BRDA:208,29,1,0
BRDA:213,30,0,1
BRDA:213,30,1,1
BRDA:214,31,0,2
BRDA:214,31,1,1
BRDA:214,31,2,1
BRF:84
BRH:78
end_of_record
TN:
SF:src/plugins/transpose.js
FN:7,(anonymous_0)
FN:28,(anonymous_1)
FN:61,(anonymous_2)
FN:67,(anonymous_3)
FN:68,(anonymous_4)
FN:70,(anonymous_5)
FNF:6
FNH:6
FNDA:14,(anonymous_0)
FNDA:17,(anonymous_1)
FNDA:6,(anonymous_2)
FNDA:3,(anonymous_3)
FNDA:3,(anonymous_4)
FNDA:6,(anonymous_5)
DA:6,1
DA:12,14
DA:28,14
DA:30,17
DA:38,17
DA:39,17
DA:41,17
DA:43,15
DA:44,15
DA:46,15
DA:49,15
DA:50,15
DA:54,14
DA:57,14
DA:60,14
DA:61,14
DA:62,6
DA:66,6
DA:67,3
DA:68,3
DA:69,3
DA:70,3
DA:71,6
DA:78,6
DA:84,1
DA:85,1
LF:26
LH:26
BRDA:9,0,0,0
BRDA:41,1,0,2
BRDA:41,1,1,15
BRDA:46,2,0,0
BRDA:46,2,1,15
BRDA:61,3,0,2
BRDA:66,4,0,3
BRDA:66,4,1,3
BRDA:69,5,0,3
BRDA:69,5,1,0
BRDA:69,6,0,3
BRDA:69,6,1,3
BRDA:84,7,0,1
BRDA:84,7,1,0
BRDA:84,8,0,1
BRDA:84,8,1,1
BRF:16
BRH:12
end_of_record
