TN:
SF:src/index.js
FN:14,(anonymous_0)
FN:36,(anonymous_1)
FN:46,(anonymous_2)
FN:56,(anonymous_3)
FN:66,(anonymous_4)
FN:76,(anonymous_5)
FN:87,(anonymous_6)
FN:105,(anonymous_7)
FN:114,createChordproJS
FNF:9
FNH:8
FNDA:25,(anonymous_0)
FNDA:8,(anonymous_1)
FNDA:0,(anonymous_2)
FNDA:4,(anonymous_3)
FNDA:1,(anonymous_4)
FNDA:3,(anonymous_5)
FNDA:12,(anonymous_6)
FNDA:12,(anonymous_7)
FNDA:25,createChordproJS
DA:15,25
DA:26,25
DA:27,10
DA:37,8
DA:47,0
DA:48,0
DA:57,4
DA:58,4
DA:67,1
DA:68,1
DA:78,3
DA:88,12
DA:89,12
DA:90,1
DA:92,11
DA:93,11
DA:98,2
DA:105,2
DA:106,12
DA:115,25
DA:123,2
DA:124,2
DA:125,2
LF:23
LH:21
BRDA:14,0,0,0
BRDA:26,1,0,10
BRDA:26,1,1,15
BRDA:78,2,0,3
BRDA:78,2,1,2
BRDA:87,3,0,11
BRDA:89,4,0,1
BRDA:89,4,1,11
BRDA:114,5,0,24
BRDA:123,6,0,2
BRDA:123,6,1,0
BRF:11
BRH:9
end_of_record
TN:
SF:src/core/parser.js
FN:8,parseChordPro
FN:26,(anonymous_1)
FNF:2
FNH:2
FNDA:45,parseChordPro
FNDA:75,(anonymous_1)
DA:9,45
DA:10,45
DA:19,45
DA:24,45
DA:26,45
DA:28,75
DA:29,48
DA:30,48
DA:31,48
DA:34,48
DA:35,48
DA:37,0
DA:39,0
DA:40,0
DA:45,48
DA:46,48
DA:47,48
DA:48,0
DA:49,0
DA:50,0
DA:55,48
DA:59,8
DA:60,8
DA:62,0
DA:63,0
DA:66,2
DA:67,2
DA:69,4
DA:70,4
DA:72,0
DA:73,0
DA:75,0
DA:76,0
DA:78,0
DA:79,0
DA:81,1
DA:82,1
DA:84,1
DA:85,1
DA:87,3
DA:88,3
DA:90,0
DA:91,0
DA:93,0
DA:94,0
DA:96,0
DA:97,0
DA:99,0
DA:100,0
DA:103,0
DA:104,0
DA:105,0
DA:108,0
DA:113,4
DA:118,4
DA:121,2
DA:126,2
DA:129,2
DA:134,2
DA:136,0
DA:140,0
DA:142,0
DA:147,0
DA:152,5
DA:157,5
DA:158,5
DA:161,5
DA:165,5
DA:166,5
DA:169,0
DA:173,0
DA:176,2
DA:181,2
DA:182,2
DA:185,2
DA:189,2
DA:190,2
DA:193,2
DA:198,2
DA:199,2
DA:202,2
DA:206,2
DA:207,2
DA:210,0
DA:215,0
DA:216,0
DA:219,0
DA:223,0
DA:224,0
DA:227,0
DA:232,0
DA:233,0
DA:236,0
DA:240,0
DA:241,0
DA:248,0
DA:254,0
DA:255,0
DA:260,0
DA:261,0
DA:263,0
DA:267,0
DA:268,0
DA:272,0
DA:273,0
DA:274,0
DA:275,0
DA:276,0
DA:277,0
DA:279,0
DA:281,0
DA:283,0
DA:287,0
DA:291,3
DA:292,3
DA:327,0
DA:328,0
DA:329,0
DA:330,0
DA:332,0
DA:333,0
DA:335,0
DA:336,0
DA:342,0
DA:345,0
DA:348,0
DA:351,0
DA:354,0
DA:357,0
DA:360,0
DA:362,0
DA:363,0
DA:365,0
DA:367,0
DA:370,0
DA:371,0
DA:374,0
DA:375,0
DA:377,0
DA:378,0
DA:381,0
DA:382,0
DA:387,0
DA:388,0
DA:391,0
DA:397,27
DA:398,11
DA:399,11
DA:402,11
DA:403,11
DA:405,11
DA:407,11
DA:408,25
DA:409,25
DA:410,25
DA:411,25
DA:414,11
DA:422,16
DA:423,2
DA:429,14
DA:436,45
LF:161
LH:69
BRDA:8,0,0,37
BRDA:28,1,0,48
BRDA:28,1,1,27
BRDA:31,2,0,32
BRDA:31,2,1,16
BRDA:35,3,0,0
BRDA:35,3,1,48
BRDA:35,4,0,48
BRDA:35,4,1,32
BRDA:47,5,0,0
BRDA:47,5,1,48
BRDA:55,6,0,7
BRDA:55,6,1,8
BRDA:55,6,2,0
BRDA:55,6,3,2
BRDA:55,6,4,2
BRDA:55,6,5,4
BRDA:55,6,6,0
BRDA:55,6,7,0
BRDA:55,6,8,0
BRDA:55,6,9,1
BRDA:55,6,10,1
BRDA:55,6,11,3
BRDA:55,6,12,0
BRDA:55,6,13,0
BRDA:55,6,14,0
BRDA:55,6,15,0
BRDA:55,6,16,0
BRDA:55,6,17,3
BRDA:55,6,18,4
BRDA:55,6,19,2
BRDA:55,6,20,2
BRDA:55,6,21,2
BRDA:55,6,22,2
BRDA:55,6,23,0
BRDA:55,6,24,0
BRDA:55,6,25,4
BRDA:55,6,26,5
BRDA:55,6,27,4
BRDA:55,6,28,5
BRDA:55,6,29,0
BRDA:55,6,30,2
BRDA:55,6,31,2
BRDA:55,6,32,2
BRDA:55,6,33,2
BRDA:55,6,34,2
BRDA:55,6,35,2
BRDA:55,6,36,2
BRDA:55,6,37,2
BRDA:55,6,38,0
BRDA:55,6,39,0
BRDA:55,6,40,0
BRDA:55,6,41,0
BRDA:55,6,42,0
BRDA:55,6,43,0
BRDA:55,6,44,0
BRDA:55,6,45,0
BRDA:55,6,46,0
BRDA:55,6,47,0
BRDA:55,6,48,0
BRDA:55,6,49,0
BRDA:55,6,50,0
BRDA:55,6,51,0
BRDA:55,6,52,0
BRDA:55,6,53,0
BRDA:55,6,54,0
BRDA:55,6,55,0
BRDA:55,6,56,3
BRDA:55,6,57,0
BRDA:55,6,58,0
BRDA:55,6,59,0
BRDA:55,6,60,0
BRDA:55,6,61,0
BRDA:55,6,62,0
BRDA:55,6,63,0
BRDA:55,6,64,0
BRDA:55,6,65,0
BRDA:55,6,66,0
BRDA:55,6,67,0
BRDA:55,6,68,0
BRDA:55,6,69,0
BRDA:55,6,70,0
BRDA:55,6,71,0
BRDA:55,6,72,0
BRDA:55,6,73,0
BRDA:55,6,74,0
BRDA:55,6,75,0
BRDA:55,6,76,0
BRDA:55,6,77,0
BRDA:55,6,78,0
BRDA:55,6,79,0
BRDA:55,6,80,0
BRDA:55,6,81,0
BRDA:55,6,82,0
BRDA:55,6,83,0
BRDA:55,6,84,0
BRDA:55,6,85,0
BRDA:55,6,86,0
BRDA:55,6,87,0
BRDA:55,6,88,0
BRDA:55,6,89,0
BRDA:55,6,90,0
BRDA:55,6,91,0
BRDA:55,6,92,0
BRDA:55,6,93,0
BRDA:55,6,94,0
BRDA:55,6,95,0
BRDA:55,6,96,0
BRDA:55,6,97,0
BRDA:55,6,98,0
BRDA:55,6,99,0
BRDA:55,6,100,0
BRDA:55,6,101,0
BRDA:55,6,102,0
BRDA:55,6,103,0
BRDA:55,6,104,0
BRDA:55,6,105,0
BRDA:103,7,0,0
BRDA:103,7,1,0
BRDA:144,8,0,0
BRDA:144,8,1,0
BRDA:145,9,0,0
BRDA:145,9,1,0
BRDA:155,10,0,5
BRDA:155,10,1,5
BRDA:155,10,2,3
BRDA:179,11,0,2
BRDA:179,11,1,2
BRDA:179,11,2,2
BRDA:196,12,0,2
BRDA:196,12,1,2
BRDA:196,12,2,2
BRDA:213,13,0,0
BRDA:213,13,1,0
BRDA:213,13,2,0
BRDA:230,14,0,0
BRDA:230,14,1,0
BRDA:230,14,2,0
BRDA:260,15,0,0
BRDA:260,15,1,0
BRDA:273,16,0,0
BRDA:273,16,1,0
BRDA:276,17,0,0
BRDA:276,17,1,0
BRDA:291,18,0,3
BRDA:291,18,1,0
BRDA:329,19,0,0
BRDA:329,19,1,0
BRDA:332,20,0,0
BRDA:332,20,1,0
BRDA:366,21,0,0
BRDA:366,21,1,0
BRDA:370,22,0,0
BRDA:370,22,1,0
BRDA:377,23,0,0
BRDA:377,23,1,0
BRDA:381,24,0,0
BRDA:381,24,1,0
BRDA:387,25,0,0
BRDA:387,25,1,0
BRDA:397,26,0,11
BRDA:397,26,1,16
BRDA:397,27,0,27
BRDA:397,27,1,11
BRDA:422,28,0,2
BRDA:422,28,1,14
BRF:166
BRH:52
end_of_record
TN:
SF:src/core/renderer.js
FN:9,renderToElement
FN:28,renderToHTML
FN:64,(anonymous_2)
FN:65,(anonymous_3)
FN:67,(anonymous_4)
FN:77,(anonymous_5)
FN:136,(anonymous_6)
FN:257,escapeHtml
FN:265,(anonymous_8)
FNF:9
FNH:8
FNDA:0,renderToElement
FNDA:20,renderToHTML
FNDA:2,(anonymous_2)
FNDA:2,(anonymous_3)
FNDA:4,(anonymous_4)
FNDA:28,(anonymous_5)
FNDA:17,(anonymous_6)
FNDA:26,escapeHtml
FNDA:6,(anonymous_8)
DA:10,0
DA:11,0
DA:14,0
DA:15,0
DA:18,0
DA:19,0
DA:29,20
DA:36,20
DA:37,20
DA:40,20
DA:41,3
DA:44,20
DA:45,1
DA:48,20
DA:49,1
DA:52,20
DA:53,1
DA:57,20
DA:62,2
DA:63,2
DA:64,2
DA:65,2
DA:66,2
DA:67,2
DA:68,4
DA:77,20
DA:79,28
DA:81,2
DA:82,2
DA:83,1
DA:87,2
DA:89,1
DA:90,1
DA:91,0
DA:95,1
DA:97,0
DA:98,0
DA:99,0
DA:103,0
DA:105,0
DA:106,0
DA:107,0
DA:111,0
DA:116,0
DA:119,0
DA:120,0
DA:124,0
DA:127,25
DA:128,25
DA:129,0
DA:133,25
DA:136,28
DA:137,17
DA:139,4
DA:140,3
DA:141,1
DA:144,2
DA:145,1
DA:149,1
DA:152,4
DA:155,0
DA:156,0
DA:159,0
DA:164,0
DA:167,6
DA:169,4
DA:170,4
DA:171,4
DA:172,4
DA:176,4
DA:179,4
DA:182,0
DA:183,0
DA:184,0
DA:185,0
DA:186,0
DA:190,4
DA:191,4
DA:193,2
DA:197,6
DA:200,6
DA:201,6
DA:204,0
DA:207,0
DA:210,0
DA:215,0
DA:222,0
DA:226,0
DA:229,0
DA:230,0
DA:233,0
DA:234,0
DA:237,0
DA:238,0
DA:241,1
DA:242,1
DA:246,28
DA:249,20
DA:258,26
DA:265,26
LF:100
LH:59
BRDA:9,0,0,0
BRDA:10,1,0,0
BRDA:10,1,1,0
BRDA:14,2,0,0
BRDA:14,2,1,0
BRDA:28,3,0,12
BRDA:40,4,0,3
BRDA:40,4,1,17
BRDA:40,5,0,20
BRDA:40,5,1,19
BRDA:44,6,0,1
BRDA:44,6,1,19
BRDA:44,7,0,20
BRDA:44,7,1,20
BRDA:48,8,0,1
BRDA:48,8,1,19
BRDA:52,9,0,1
BRDA:52,9,1,19
BRDA:57,10,0,2
BRDA:57,10,1,18
BRDA:58,11,0,20
BRDA:58,11,1,20
BRDA:58,11,2,2
BRDA:63,12,0,2
BRDA:63,12,1,0
BRDA:66,13,0,2
BRDA:66,13,1,0
BRDA:66,14,0,2
BRDA:66,14,1,2
BRDA:79,15,0,2
BRDA:79,15,1,1
BRDA:79,15,2,0
BRDA:79,15,3,0
BRDA:79,15,4,0
BRDA:79,15,5,0
BRDA:79,15,6,0
BRDA:79,15,7,0
BRDA:79,15,8,25
BRDA:79,15,9,25
BRDA:82,16,0,1
BRDA:82,16,1,1
BRDA:90,17,0,0
BRDA:90,17,1,1
BRDA:98,18,0,0
BRDA:98,18,1,0
BRDA:106,19,0,0
BRDA:106,19,1,0
BRDA:119,20,0,0
BRDA:119,20,1,0
BRDA:128,21,0,0
BRDA:128,21,1,25
BRDA:137,22,0,4
BRDA:137,22,1,0
BRDA:137,22,2,0
BRDA:137,22,3,6
BRDA:137,22,4,6
BRDA:137,22,5,0
BRDA:137,22,6,0
BRDA:137,22,7,0
BRDA:137,22,8,0
BRDA:137,22,9,0
BRDA:137,22,10,1
BRDA:139,23,0,3
BRDA:139,23,1,1
BRDA:140,24,0,1
BRDA:140,24,1,2
BRDA:144,25,0,1
BRDA:144,25,1,1
BRDA:167,26,0,4
BRDA:167,26,1,2
BRDA:176,27,0,4
BRDA:176,27,1,0
BRDA:176,28,0,4
BRDA:176,28,1,4
BRDA:176,28,2,2
BRDA:176,28,3,2
BRDA:176,28,4,2
BRDA:205,29,0,0
BRDA:205,29,1,0
BRDA:210,30,0,0
BRDA:210,30,1,0
BRDA:211,31,0,0
BRDA:211,31,1,0
BRDA:211,31,2,0
BRF:84
BRH:48
end_of_record
TN:
SF:src/plugins/transpose.js
FN:6,(anonymous_0)
FN:24,(anonymous_1)
FN:57,(anonymous_2)
FN:63,(anonymous_3)
FN:64,(anonymous_4)
FN:66,(anonymous_5)
FNF:6
FNH:3
FNDA:10,(anonymous_0)
FNDA:11,(anonymous_1)
FNDA:2,(anonymous_2)
FNDA:0,(anonymous_3)
FNDA:0,(anonymous_4)
FNDA:0,(anonymous_5)
DA:5,1
DA:8,10
DA:24,10
DA:26,11
DA:34,11
DA:35,11
DA:37,11
DA:39,9
DA:40,9
DA:42,9
DA:45,9
DA:46,9
DA:50,10
DA:53,10
DA:56,10
DA:57,10
DA:58,2
DA:62,2
DA:63,0
DA:64,0
DA:65,0
DA:66,0
DA:67,0
DA:74,2
DA:80,1
DA:81,1
LF:26
LH:21
BRDA:6,0,0,0
BRDA:37,1,0,2
BRDA:37,1,1,9
BRDA:42,2,0,0
BRDA:42,2,1,9
BRDA:57,3,0,2
BRDA:62,4,0,0
BRDA:62,4,1,2
BRDA:65,5,0,0
BRDA:65,5,1,0
BRDA:65,6,0,0
BRDA:65,6,1,0
BRDA:80,7,0,1
BRDA:80,7,1,0
BRDA:80,8,0,1
BRDA:80,8,1,1
BRF:16
BRH:8
end_of_record
